<?xml version="1.0" encoding="UTF-8"?>
<!-- Generated by org.testng.reporters.JUnitReportReporter -->
<testsuite hostname="DESKTOP-U3INB1B" failures="0" tests="1" name="NewTestNg.Register" time="9.122" errors="0" timestamp="2023-11-01T11:40:19 IST" skipped="0">
  <testcase classname="NewTestNg.Register" name="register" time="9.122"/>
</testsuite> <!-- NewTestNg.Register -->
