<?xml version="1.0" encoding="UTF-8"?>
<!-- Generated by org.testng.reporters.JUnitReportReporter -->
<testsuite hostname="DESKTOP-U3INB1B" failures="0" tests="1" name="NewTestNg.addtocart" time="7.308" errors="0" timestamp="2023-11-01T11:40:19 IST" skipped="0">
  <testcase classname="NewTestNg.addtocart" name="addToCart" time="7.308"/>
</testsuite> <!-- NewTestNg.addtocart -->
